<?xml version="1.0" encoding="UTF-8"?>
<testsuite xmlns:xsi="http://www.w3.org/2001/XMLSchema-instance" xsi:noNamespaceSchemaLocation="https://maven.apache.org/surefire/maven-surefire-plugin/xsd/surefire-test-report.xsd" name="cn.org.sqx.emos.wx.EmosApiApplicationTest" time="6.83" tests="1" errors="0" skipped="0" failures="0">
  <properties>
    <property name="sun.desktop" value="windows"/>
    <property name="awt.toolkit" value="sun.awt.windows.WToolkit"/>
    <property name="java.specification.version" value="11"/>
    <property name="sun.cpu.isalist" value="amd64"/>
    <property name="sun.jnu.encoding" value="GBK"/>
    <property name="java.class.path" value="F:\Java\study\Practice\emos\emos-wx-api\target\test-classes;F:\Java\study\Practice\emos\emos-wx-api\target\classes;F:\Java\apache-maven-3.6.3\repository\org\springframework\boot\spring-boot-starter-amqp\2.5.4\spring-boot-starter-amqp-2.5.4.jar;F:\Java\apache-maven-3.6.3\repository\org\springframework\boot\spring-boot-starter\2.5.4\spring-boot-starter-2.5.4.jar;F:\Java\apache-maven-3.6.3\repository\org\springframework\boot\spring-boot-starter-logging\2.5.4\spring-boot-starter-logging-2.5.4.jar;F:\Java\apache-maven-3.6.3\repository\ch\qos\logback\logback-classic\1.2.5\logback-classic-1.2.5.jar;F:\Java\apache-maven-3.6.3\repository\ch\qos\logback\logback-core\1.2.5\logback-core-1.2.5.jar;F:\Java\apache-maven-3.6.3\repository\org\apache\logging\log4j\log4j-to-slf4j\2.14.1\log4j-to-slf4j-2.14.1.jar;F:\Java\apache-maven-3.6.3\repository\org\apache\logging\log4j\log4j-api\2.14.1\log4j-api-2.14.1.jar;F:\Java\apache-maven-3.6.3\repository\org\slf4j\jul-to-slf4j\1.7.32\jul-to-slf4j-1.7.32.jar;F:\Java\apache-maven-3.6.3\repository\jakarta\annotation\jakarta.annotation-api\1.3.5\jakarta.annotation-api-1.3.5.jar;F:\Java\apache-maven-3.6.3\repository\org\yaml\snakeyaml\1.28\snakeyaml-1.28.jar;F:\Java\apache-maven-3.6.3\repository\org\springframework\spring-messaging\5.3.9\spring-messaging-5.3.9.jar;F:\Java\apache-maven-3.6.3\repository\org\springframework\spring-beans\5.3.9\spring-beans-5.3.9.jar;F:\Java\apache-maven-3.6.3\repository\org\springframework\amqp\spring-rabbit\2.3.10\spring-rabbit-2.3.10.jar;F:\Java\apache-maven-3.6.3\repository\org\springframework\amqp\spring-amqp\2.3.10\spring-amqp-2.3.10.jar;F:\Java\apache-maven-3.6.3\repository\org\springframework\retry\spring-retry\1.3.1\spring-retry-1.3.1.jar;F:\Java\apache-maven-3.6.3\repository\javax\annotation\javax.annotation-api\1.3.2\javax.annotation-api-1.3.2.jar;F:\Java\apache-maven-3.6.3\repository\org\springframework\spring-context\5.3.9\spring-context-5.3.9.jar;F:\Java\apache-maven-3.6.3\repository\org\springframework\boot\spring-boot-starter-data-mongodb\2.5.4\spring-boot-starter-data-mongodb-2.5.4.jar;F:\Java\apache-maven-3.6.3\repository\org\mongodb\mongodb-driver-sync\4.2.3\mongodb-driver-sync-4.2.3.jar;F:\Java\apache-maven-3.6.3\repository\org\mongodb\bson\4.2.3\bson-4.2.3.jar;F:\Java\apache-maven-3.6.3\repository\org\mongodb\mongodb-driver-core\4.2.3\mongodb-driver-core-4.2.3.jar;F:\Java\apache-maven-3.6.3\repository\org\springframework\data\spring-data-mongodb\3.2.4\spring-data-mongodb-3.2.4.jar;F:\Java\apache-maven-3.6.3\repository\org\springframework\spring-expression\5.3.9\spring-expression-5.3.9.jar;F:\Java\apache-maven-3.6.3\repository\org\springframework\data\spring-data-commons\2.5.4\spring-data-commons-2.5.4.jar;F:\Java\apache-maven-3.6.3\repository\org\springframework\boot\spring-boot-starter-data-redis\2.5.4\spring-boot-starter-data-redis-2.5.4.jar;F:\Java\apache-maven-3.6.3\repository\org\springframework\data\spring-data-redis\2.5.4\spring-data-redis-2.5.4.jar;F:\Java\apache-maven-3.6.3\repository\org\springframework\data\spring-data-keyvalue\2.5.4\spring-data-keyvalue-2.5.4.jar;F:\Java\apache-maven-3.6.3\repository\org\springframework\spring-oxm\5.3.9\spring-oxm-5.3.9.jar;F:\Java\apache-maven-3.6.3\repository\io\lettuce\lettuce-core\6.1.4.RELEASE\lettuce-core-6.1.4.RELEASE.jar;F:\Java\apache-maven-3.6.3\repository\io\netty\netty-common\4.1.67.Final\netty-common-4.1.67.Final.jar;F:\Java\apache-maven-3.6.3\repository\io\netty\netty-handler\4.1.67.Final\netty-handler-4.1.67.Final.jar;F:\Java\apache-maven-3.6.3\repository\io\netty\netty-resolver\4.1.67.Final\netty-resolver-4.1.67.Final.jar;F:\Java\apache-maven-3.6.3\repository\io\netty\netty-buffer\4.1.67.Final\netty-buffer-4.1.67.Final.jar;F:\Java\apache-maven-3.6.3\repository\io\netty\netty-codec\4.1.67.Final\netty-codec-4.1.67.Final.jar;F:\Java\apache-maven-3.6.3\repository\io\netty\netty-transport\4.1.67.Final\netty-transport-4.1.67.Final.jar;F:\Java\apache-maven-3.6.3\repository\io\projectreactor\reactor-core\3.4.9\reactor-core-3.4.9.jar;F:\Java\apache-maven-3.6.3\repository\org\reactivestreams\reactive-streams\1.0.3\reactive-streams-1.0.3.jar;F:\Java\apache-maven-3.6.3\repository\org\springframework\boot\spring-boot-starter-mail\2.5.4\spring-boot-starter-mail-2.5.4.jar;F:\Java\apache-maven-3.6.3\repository\org\springframework\spring-context-support\5.3.9\spring-context-support-5.3.9.jar;F:\Java\apache-maven-3.6.3\repository\com\sun\mail\jakarta.mail\1.6.7\jakarta.mail-1.6.7.jar;F:\Java\apache-maven-3.6.3\repository\com\sun\activation\jakarta.activation\1.2.2\jakarta.activation-1.2.2.jar;F:\Java\apache-maven-3.6.3\repository\org\springframework\boot\spring-boot-starter-quartz\2.5.4\spring-boot-starter-quartz-2.5.4.jar;F:\Java\apache-maven-3.6.3\repository\org\springframework\spring-tx\5.3.9\spring-tx-5.3.9.jar;F:\Java\apache-maven-3.6.3\repository\org\quartz-scheduler\quartz\2.3.2\quartz-2.3.2.jar;F:\Java\apache-maven-3.6.3\repository\com\mchange\mchange-commons-java\0.2.15\mchange-commons-java-0.2.15.jar;F:\Java\apache-maven-3.6.3\repository\org\springframework\boot\spring-boot-starter-web\2.5.4\spring-boot-starter-web-2.5.4.jar;F:\Java\apache-maven-3.6.3\repository\org\springframework\boot\spring-boot-starter-json\2.5.4\spring-boot-starter-json-2.5.4.jar;F:\Java\apache-maven-3.6.3\repository\com\fasterxml\jackson\datatype\jackson-datatype-jdk8\2.12.4\jackson-datatype-jdk8-2.12.4.jar;F:\Java\apache-maven-3.6.3\repository\com\fasterxml\jackson\datatype\jackson-datatype-jsr310\2.12.4\jackson-datatype-jsr310-2.12.4.jar;F:\Java\apache-maven-3.6.3\repository\com\fasterxml\jackson\module\jackson-module-parameter-names\2.12.4\jackson-module-parameter-names-2.12.4.jar;F:\Java\apache-maven-3.6.3\repository\org\springframework\boot\spring-boot-starter-tomcat\2.5.4\spring-boot-starter-tomcat-2.5.4.jar;F:\Java\apache-maven-3.6.3\repository\org\apache\tomcat\embed\tomcat-embed-core\9.0.52\tomcat-embed-core-9.0.52.jar;F:\Java\apache-maven-3.6.3\repository\org\apache\tomcat\embed\tomcat-embed-websocket\9.0.52\tomcat-embed-websocket-9.0.52.jar;F:\Java\apache-maven-3.6.3\repository\org\springframework\spring-web\5.3.9\spring-web-5.3.9.jar;F:\Java\apache-maven-3.6.3\repository\org\springframework\spring-webmvc\5.3.9\spring-webmvc-5.3.9.jar;F:\Java\apache-maven-3.6.3\repository\org\mybatis\spring\boot\mybatis-spring-boot-starter\2.2.2\mybatis-spring-boot-starter-2.2.2.jar;F:\Java\apache-maven-3.6.3\repository\org\springframework\boot\spring-boot-starter-jdbc\2.5.4\spring-boot-starter-jdbc-2.5.4.jar;F:\Java\apache-maven-3.6.3\repository\com\zaxxer\HikariCP\4.0.3\HikariCP-4.0.3.jar;F:\Java\apache-maven-3.6.3\repository\org\springframework\spring-jdbc\5.3.9\spring-jdbc-5.3.9.jar;F:\Java\apache-maven-3.6.3\repository\org\mybatis\spring\boot\mybatis-spring-boot-autoconfigure\2.2.2\mybatis-spring-boot-autoconfigure-2.2.2.jar;F:\Java\apache-maven-3.6.3\repository\org\mybatis\mybatis\3.5.9\mybatis-3.5.9.jar;F:\Java\apache-maven-3.6.3\repository\org\mybatis\mybatis-spring\2.0.7\mybatis-spring-2.0.7.jar;F:\Java\apache-maven-3.6.3\repository\org\springframework\boot\spring-boot-devtools\2.5.4\spring-boot-devtools-2.5.4.jar;F:\Java\apache-maven-3.6.3\repository\org\springframework\boot\spring-boot\2.5.4\spring-boot-2.5.4.jar;F:\Java\apache-maven-3.6.3\repository\org\springframework\boot\spring-boot-autoconfigure\2.5.4\spring-boot-autoconfigure-2.5.4.jar;F:\Java\apache-maven-3.6.3\repository\mysql\mysql-connector-java\8.0.26\mysql-connector-java-8.0.26.jar;F:\Java\apache-maven-3.6.3\repository\org\projectlombok\lombok\1.18.20\lombok-1.18.20.jar;F:\Java\apache-maven-3.6.3\repository\org\springframework\boot\spring-boot-starter-test\2.5.4\spring-boot-starter-test-2.5.4.jar;F:\Java\apache-maven-3.6.3\repository\org\springframework\boot\spring-boot-test\2.5.4\spring-boot-test-2.5.4.jar;F:\Java\apache-maven-3.6.3\repository\org\springframework\boot\spring-boot-test-autoconfigure\2.5.4\spring-boot-test-autoconfigure-2.5.4.jar;F:\Java\apache-maven-3.6.3\repository\com\jayway\jsonpath\json-path\2.5.0\json-path-2.5.0.jar;F:\Java\apache-maven-3.6.3\repository\net\minidev\json-smart\2.4.7\json-smart-2.4.7.jar;F:\Java\apache-maven-3.6.3\repository\net\minidev\accessors-smart\2.4.7\accessors-smart-2.4.7.jar;F:\Java\apache-maven-3.6.3\repository\org\ow2\asm\asm\9.1\asm-9.1.jar;F:\Java\apache-maven-3.6.3\repository\jakarta\xml\bind\jakarta.xml.bind-api\2.3.3\jakarta.xml.bind-api-2.3.3.jar;F:\Java\apache-maven-3.6.3\repository\jakarta\activation\jakarta.activation-api\1.2.2\jakarta.activation-api-1.2.2.jar;F:\Java\apache-maven-3.6.3\repository\org\assertj\assertj-core\3.19.0\assertj-core-3.19.0.jar;F:\Java\apache-maven-3.6.3\repository\org\hamcrest\hamcrest\2.2\hamcrest-2.2.jar;F:\Java\apache-maven-3.6.3\repository\org\junit\jupiter\junit-jupiter\5.7.2\junit-jupiter-5.7.2.jar;F:\Java\apache-maven-3.6.3\repository\org\junit\jupiter\junit-jupiter-api\5.7.2\junit-jupiter-api-5.7.2.jar;F:\Java\apache-maven-3.6.3\repository\org\apiguardian\apiguardian-api\1.1.0\apiguardian-api-1.1.0.jar;F:\Java\apache-maven-3.6.3\repository\org\opentest4j\opentest4j\1.2.0\opentest4j-1.2.0.jar;F:\Java\apache-maven-3.6.3\repository\org\junit\platform\junit-platform-commons\1.7.2\junit-platform-commons-1.7.2.jar;F:\Java\apache-maven-3.6.3\repository\org\junit\jupiter\junit-jupiter-params\5.7.2\junit-jupiter-params-5.7.2.jar;F:\Java\apache-maven-3.6.3\repository\org\junit\jupiter\junit-jupiter-engine\5.7.2\junit-jupiter-engine-5.7.2.jar;F:\Java\apache-maven-3.6.3\repository\org\junit\platform\junit-platform-engine\1.7.2\junit-platform-engine-1.7.2.jar;F:\Java\apache-maven-3.6.3\repository\org\mockito\mockito-core\3.9.0\mockito-core-3.9.0.jar;F:\Java\apache-maven-3.6.3\repository\net\bytebuddy\byte-buddy\1.10.22\byte-buddy-1.10.22.jar;F:\Java\apache-maven-3.6.3\repository\net\bytebuddy\byte-buddy-agent\1.10.22\byte-buddy-agent-1.10.22.jar;F:\Java\apache-maven-3.6.3\repository\org\objenesis\objenesis\3.2\objenesis-3.2.jar;F:\Java\apache-maven-3.6.3\repository\org\mockito\mockito-junit-jupiter\3.9.0\mockito-junit-jupiter-3.9.0.jar;F:\Java\apache-maven-3.6.3\repository\org\skyscreamer\jsonassert\1.5.0\jsonassert-1.5.0.jar;F:\Java\apache-maven-3.6.3\repository\com\vaadin\external\google\android-json\0.0.20131108.vaadin1\android-json-0.0.20131108.vaadin1.jar;F:\Java\apache-maven-3.6.3\repository\org\springframework\spring-core\5.3.9\spring-core-5.3.9.jar;F:\Java\apache-maven-3.6.3\repository\org\springframework\spring-jcl\5.3.9\spring-jcl-5.3.9.jar;F:\Java\apache-maven-3.6.3\repository\org\springframework\spring-test\5.3.9\spring-test-5.3.9.jar;F:\Java\apache-maven-3.6.3\repository\org\xmlunit\xmlunit-core\2.8.2\xmlunit-core-2.8.2.jar;F:\Java\apache-maven-3.6.3\repository\org\springframework\amqp\spring-rabbit-test\2.3.10\spring-rabbit-test-2.3.10.jar;F:\Java\apache-maven-3.6.3\repository\org\springframework\amqp\spring-rabbit-junit\2.3.10\spring-rabbit-junit-2.3.10.jar;F:\Java\apache-maven-3.6.3\repository\com\rabbitmq\http-client\3.8.0.RELEASE\http-client-3.8.0.RELEASE.jar;F:\Java\apache-maven-3.6.3\repository\org\hamcrest\hamcrest-library\2.2\hamcrest-library-2.2.jar;F:\Java\apache-maven-3.6.3\repository\org\hamcrest\hamcrest-core\2.2\hamcrest-core-2.2.jar;F:\Java\apache-maven-3.6.3\repository\com\alibaba\druid-spring-boot-starter\1.1.13\druid-spring-boot-starter-1.1.13.jar;F:\Java\apache-maven-3.6.3\repository\com\alibaba\druid\1.1.13\druid-1.1.13.jar;F:\Java\apache-maven-3.6.3\repository\org\slf4j\slf4j-api\1.7.32\slf4j-api-1.7.32.jar;F:\Java\apache-maven-3.6.3\repository\org\apache\httpcomponents\httpcore\4.4.13\httpcore-4.4.13.jar;F:\Java\apache-maven-3.6.3\repository\io\springfox\springfox-swagger2\2.9.2\springfox-swagger2-2.9.2.jar;F:\Java\apache-maven-3.6.3\repository\io\swagger\swagger-annotations\1.5.20\swagger-annotations-1.5.20.jar;F:\Java\apache-maven-3.6.3\repository\io\swagger\swagger-models\1.5.20\swagger-models-1.5.20.jar;F:\Java\apache-maven-3.6.3\repository\com\fasterxml\jackson\core\jackson-annotations\2.12.4\jackson-annotations-2.12.4.jar;F:\Java\apache-maven-3.6.3\repository\io\springfox\springfox-spi\2.9.2\springfox-spi-2.9.2.jar;F:\Java\apache-maven-3.6.3\repository\io\springfox\springfox-core\2.9.2\springfox-core-2.9.2.jar;F:\Java\apache-maven-3.6.3\repository\io\springfox\springfox-schema\2.9.2\springfox-schema-2.9.2.jar;F:\Java\apache-maven-3.6.3\repository\io\springfox\springfox-swagger-common\2.9.2\springfox-swagger-common-2.9.2.jar;F:\Java\apache-maven-3.6.3\repository\io\springfox\springfox-spring-web\2.9.2\springfox-spring-web-2.9.2.jar;F:\Java\apache-maven-3.6.3\repository\com\google\guava\guava\20.0\guava-20.0.jar;F:\Java\apache-maven-3.6.3\repository\com\fasterxml\classmate\1.5.1\classmate-1.5.1.jar;F:\Java\apache-maven-3.6.3\repository\org\springframework\plugin\spring-plugin-core\1.2.0.RELEASE\spring-plugin-core-1.2.0.RELEASE.jar;F:\Java\apache-maven-3.6.3\repository\org\springframework\plugin\spring-plugin-metadata\1.2.0.RELEASE\spring-plugin-metadata-1.2.0.RELEASE.jar;F:\Java\apache-maven-3.6.3\repository\org\mapstruct\mapstruct\1.2.0.Final\mapstruct-1.2.0.Final.jar;F:\Java\apache-maven-3.6.3\repository\io\springfox\springfox-swagger-ui\2.9.2\springfox-swagger-ui-2.9.2.jar;F:\Java\apache-maven-3.6.3\repository\org\springframework\boot\spring-boot-starter-validation\2.5.4\spring-boot-starter-validation-2.5.4.jar;F:\Java\apache-maven-3.6.3\repository\org\apache\tomcat\embed\tomcat-embed-el\9.0.52\tomcat-embed-el-9.0.52.jar;F:\Java\apache-maven-3.6.3\repository\org\hibernate\validator\hibernate-validator\6.2.0.Final\hibernate-validator-6.2.0.Final.jar;F:\Java\apache-maven-3.6.3\repository\jakarta\validation\jakarta.validation-api\2.0.2\jakarta.validation-api-2.0.2.jar;F:\Java\apache-maven-3.6.3\repository\org\jboss\logging\jboss-logging\3.4.2.Final\jboss-logging-3.4.2.Final.jar;F:\Java\apache-maven-3.6.3\repository\cn\hutool\hutool-all\5.4.0\hutool-all-5.4.0.jar;F:\Java\apache-maven-3.6.3\repository\org\apache\shiro\shiro-web\1.5.3\shiro-web-1.5.3.jar;F:\Java\apache-maven-3.6.3\repository\org\apache\shiro\shiro-core\1.5.3\shiro-core-1.5.3.jar;F:\Java\apache-maven-3.6.3\repository\org\apache\shiro\shiro-lang\1.5.3\shiro-lang-1.5.3.jar;F:\Java\apache-maven-3.6.3\repository\org\apache\shiro\shiro-cache\1.5.3\shiro-cache-1.5.3.jar;F:\Java\apache-maven-3.6.3\repository\org\apache\shiro\shiro-crypto-hash\1.5.3\shiro-crypto-hash-1.5.3.jar;F:\Java\apache-maven-3.6.3\repository\org\apache\shiro\shiro-crypto-core\1.5.3\shiro-crypto-core-1.5.3.jar;F:\Java\apache-maven-3.6.3\repository\org\apache\shiro\shiro-crypto-cipher\1.5.3\shiro-crypto-cipher-1.5.3.jar;F:\Java\apache-maven-3.6.3\repository\org\apache\shiro\shiro-config-core\1.5.3\shiro-config-core-1.5.3.jar;F:\Java\apache-maven-3.6.3\repository\org\apache\shiro\shiro-config-ogdl\1.5.3\shiro-config-ogdl-1.5.3.jar;F:\Java\apache-maven-3.6.3\repository\commons-beanutils\commons-beanutils\1.9.4\commons-beanutils-1.9.4.jar;F:\Java\apache-maven-3.6.3\repository\commons-collections\commons-collections\3.2.2\commons-collections-3.2.2.jar;F:\Java\apache-maven-3.6.3\repository\org\apache\shiro\shiro-event\1.5.3\shiro-event-1.5.3.jar;F:\Java\apache-maven-3.6.3\repository\org\owasp\encoder\encoder\1.2.2\encoder-1.2.2.jar;F:\Java\apache-maven-3.6.3\repository\org\apache\shiro\shiro-spring\1.5.3\shiro-spring-1.5.3.jar;F:\Java\apache-maven-3.6.3\repository\com\auth0\java-jwt\3.10.3\java-jwt-3.10.3.jar;F:\Java\apache-maven-3.6.3\repository\com\fasterxml\jackson\core\jackson-databind\2.12.4\jackson-databind-2.12.4.jar;F:\Java\apache-maven-3.6.3\repository\com\fasterxml\jackson\core\jackson-core\2.12.4\jackson-core-2.12.4.jar;F:\Java\apache-maven-3.6.3\repository\commons-codec\commons-codec\1.15\commons-codec-1.15.jar;F:\Java\apache-maven-3.6.3\repository\org\springframework\boot\spring-boot-configuration-processor\2.5.4\spring-boot-configuration-processor-2.5.4.jar;F:\Java\apache-maven-3.6.3\repository\org\apache\commons\commons-lang3\3.11\commons-lang3-3.11.jar;F:\Java\apache-maven-3.6.3\repository\org\springframework\boot\spring-boot-starter-aop\2.5.4\spring-boot-starter-aop-2.5.4.jar;F:\Java\apache-maven-3.6.3\repository\org\springframework\spring-aop\5.3.9\spring-aop-5.3.9.jar;F:\Java\apache-maven-3.6.3\repository\org\aspectj\aspectjweaver\1.9.7\aspectjweaver-1.9.7.jar;F:\Java\apache-maven-3.6.3\repository\org\jsoup\jsoup\1.13.1\jsoup-1.13.1.jar;F:\Java\apache-maven-3.6.3\repository\com\rabbitmq\amqp-client\5.9.0\amqp-client-5.9.0.jar;F:\Java\apache-maven-3.6.3\repository\org\json\json\20200518\json-20200518.jar;"/>
    <property name="java.vm.vendor" value="Oracle Corporation"/>
    <property name="sun.arch.data.model" value="64"/>
    <property name="user.variant" value=""/>
    <property name="java.vendor.url" value="https://openjdk.java.net/"/>
    <property name="user.timezone" value="Asia/Shanghai"/>
    <property name="java.vm.specification.version" value="11"/>
    <property name="os.name" value="Windows 11"/>
    <property name="sun.java.launcher" value="SUN_STANDARD"/>
    <property name="user.country" value="CN"/>
    <property name="sun.boot.library.path" value="F:\Java\jdk\bin"/>
    <property name="sun.java.command" value="C:\Users\三千星\AppData\Local\Temp\surefire8067494440726258468\surefirebooter84599850302520083.jar C:\Users\三千星\AppData\Local\Temp\surefire8067494440726258468 2023-02-11T17-33-44_538-jvmRun1 surefire3280187418164470103tmp surefire_012467471522197511189tmp"/>
    <property name="jdk.debug" value="release"/>
    <property name="surefire.test.class.path" value="F:\Java\study\Practice\emos\emos-wx-api\target\test-classes;F:\Java\study\Practice\emos\emos-wx-api\target\classes;F:\Java\apache-maven-3.6.3\repository\org\springframework\boot\spring-boot-starter-amqp\2.5.4\spring-boot-starter-amqp-2.5.4.jar;F:\Java\apache-maven-3.6.3\repository\org\springframework\boot\spring-boot-starter\2.5.4\spring-boot-starter-2.5.4.jar;F:\Java\apache-maven-3.6.3\repository\org\springframework\boot\spring-boot-starter-logging\2.5.4\spring-boot-starter-logging-2.5.4.jar;F:\Java\apache-maven-3.6.3\repository\ch\qos\logback\logback-classic\1.2.5\logback-classic-1.2.5.jar;F:\Java\apache-maven-3.6.3\repository\ch\qos\logback\logback-core\1.2.5\logback-core-1.2.5.jar;F:\Java\apache-maven-3.6.3\repository\org\apache\logging\log4j\log4j-to-slf4j\2.14.1\log4j-to-slf4j-2.14.1.jar;F:\Java\apache-maven-3.6.3\repository\org\apache\logging\log4j\log4j-api\2.14.1\log4j-api-2.14.1.jar;F:\Java\apache-maven-3.6.3\repository\org\slf4j\jul-to-slf4j\1.7.32\jul-to-slf4j-1.7.32.jar;F:\Java\apache-maven-3.6.3\repository\jakarta\annotation\jakarta.annotation-api\1.3.5\jakarta.annotation-api-1.3.5.jar;F:\Java\apache-maven-3.6.3\repository\org\yaml\snakeyaml\1.28\snakeyaml-1.28.jar;F:\Java\apache-maven-3.6.3\repository\org\springframework\spring-messaging\5.3.9\spring-messaging-5.3.9.jar;F:\Java\apache-maven-3.6.3\repository\org\springframework\spring-beans\5.3.9\spring-beans-5.3.9.jar;F:\Java\apache-maven-3.6.3\repository\org\springframework\amqp\spring-rabbit\2.3.10\spring-rabbit-2.3.10.jar;F:\Java\apache-maven-3.6.3\repository\org\springframework\amqp\spring-amqp\2.3.10\spring-amqp-2.3.10.jar;F:\Java\apache-maven-3.6.3\repository\org\springframework\retry\spring-retry\1.3.1\spring-retry-1.3.1.jar;F:\Java\apache-maven-3.6.3\repository\javax\annotation\javax.annotation-api\1.3.2\javax.annotation-api-1.3.2.jar;F:\Java\apache-maven-3.6.3\repository\org\springframework\spring-context\5.3.9\spring-context-5.3.9.jar;F:\Java\apache-maven-3.6.3\repository\org\springframework\boot\spring-boot-starter-data-mongodb\2.5.4\spring-boot-starter-data-mongodb-2.5.4.jar;F:\Java\apache-maven-3.6.3\repository\org\mongodb\mongodb-driver-sync\4.2.3\mongodb-driver-sync-4.2.3.jar;F:\Java\apache-maven-3.6.3\repository\org\mongodb\bson\4.2.3\bson-4.2.3.jar;F:\Java\apache-maven-3.6.3\repository\org\mongodb\mongodb-driver-core\4.2.3\mongodb-driver-core-4.2.3.jar;F:\Java\apache-maven-3.6.3\repository\org\springframework\data\spring-data-mongodb\3.2.4\spring-data-mongodb-3.2.4.jar;F:\Java\apache-maven-3.6.3\repository\org\springframework\spring-expression\5.3.9\spring-expression-5.3.9.jar;F:\Java\apache-maven-3.6.3\repository\org\springframework\data\spring-data-commons\2.5.4\spring-data-commons-2.5.4.jar;F:\Java\apache-maven-3.6.3\repository\org\springframework\boot\spring-boot-starter-data-redis\2.5.4\spring-boot-starter-data-redis-2.5.4.jar;F:\Java\apache-maven-3.6.3\repository\org\springframework\data\spring-data-redis\2.5.4\spring-data-redis-2.5.4.jar;F:\Java\apache-maven-3.6.3\repository\org\springframework\data\spring-data-keyvalue\2.5.4\spring-data-keyvalue-2.5.4.jar;F:\Java\apache-maven-3.6.3\repository\org\springframework\spring-oxm\5.3.9\spring-oxm-5.3.9.jar;F:\Java\apache-maven-3.6.3\repository\io\lettuce\lettuce-core\6.1.4.RELEASE\lettuce-core-6.1.4.RELEASE.jar;F:\Java\apache-maven-3.6.3\repository\io\netty\netty-common\4.1.67.Final\netty-common-4.1.67.Final.jar;F:\Java\apache-maven-3.6.3\repository\io\netty\netty-handler\4.1.67.Final\netty-handler-4.1.67.Final.jar;F:\Java\apache-maven-3.6.3\repository\io\netty\netty-resolver\4.1.67.Final\netty-resolver-4.1.67.Final.jar;F:\Java\apache-maven-3.6.3\repository\io\netty\netty-buffer\4.1.67.Final\netty-buffer-4.1.67.Final.jar;F:\Java\apache-maven-3.6.3\repository\io\netty\netty-codec\4.1.67.Final\netty-codec-4.1.67.Final.jar;F:\Java\apache-maven-3.6.3\repository\io\netty\netty-transport\4.1.67.Final\netty-transport-4.1.67.Final.jar;F:\Java\apache-maven-3.6.3\repository\io\projectreactor\reactor-core\3.4.9\reactor-core-3.4.9.jar;F:\Java\apache-maven-3.6.3\repository\org\reactivestreams\reactive-streams\1.0.3\reactive-streams-1.0.3.jar;F:\Java\apache-maven-3.6.3\repository\org\springframework\boot\spring-boot-starter-mail\2.5.4\spring-boot-starter-mail-2.5.4.jar;F:\Java\apache-maven-3.6.3\repository\org\springframework\spring-context-support\5.3.9\spring-context-support-5.3.9.jar;F:\Java\apache-maven-3.6.3\repository\com\sun\mail\jakarta.mail\1.6.7\jakarta.mail-1.6.7.jar;F:\Java\apache-maven-3.6.3\repository\com\sun\activation\jakarta.activation\1.2.2\jakarta.activation-1.2.2.jar;F:\Java\apache-maven-3.6.3\repository\org\springframework\boot\spring-boot-starter-quartz\2.5.4\spring-boot-starter-quartz-2.5.4.jar;F:\Java\apache-maven-3.6.3\repository\org\springframework\spring-tx\5.3.9\spring-tx-5.3.9.jar;F:\Java\apache-maven-3.6.3\repository\org\quartz-scheduler\quartz\2.3.2\quartz-2.3.2.jar;F:\Java\apache-maven-3.6.3\repository\com\mchange\mchange-commons-java\0.2.15\mchange-commons-java-0.2.15.jar;F:\Java\apache-maven-3.6.3\repository\org\springframework\boot\spring-boot-starter-web\2.5.4\spring-boot-starter-web-2.5.4.jar;F:\Java\apache-maven-3.6.3\repository\org\springframework\boot\spring-boot-starter-json\2.5.4\spring-boot-starter-json-2.5.4.jar;F:\Java\apache-maven-3.6.3\repository\com\fasterxml\jackson\datatype\jackson-datatype-jdk8\2.12.4\jackson-datatype-jdk8-2.12.4.jar;F:\Java\apache-maven-3.6.3\repository\com\fasterxml\jackson\datatype\jackson-datatype-jsr310\2.12.4\jackson-datatype-jsr310-2.12.4.jar;F:\Java\apache-maven-3.6.3\repository\com\fasterxml\jackson\module\jackson-module-parameter-names\2.12.4\jackson-module-parameter-names-2.12.4.jar;F:\Java\apache-maven-3.6.3\repository\org\springframework\boot\spring-boot-starter-tomcat\2.5.4\spring-boot-starter-tomcat-2.5.4.jar;F:\Java\apache-maven-3.6.3\repository\org\apache\tomcat\embed\tomcat-embed-core\9.0.52\tomcat-embed-core-9.0.52.jar;F:\Java\apache-maven-3.6.3\repository\org\apache\tomcat\embed\tomcat-embed-websocket\9.0.52\tomcat-embed-websocket-9.0.52.jar;F:\Java\apache-maven-3.6.3\repository\org\springframework\spring-web\5.3.9\spring-web-5.3.9.jar;F:\Java\apache-maven-3.6.3\repository\org\springframework\spring-webmvc\5.3.9\spring-webmvc-5.3.9.jar;F:\Java\apache-maven-3.6.3\repository\org\mybatis\spring\boot\mybatis-spring-boot-starter\2.2.2\mybatis-spring-boot-starter-2.2.2.jar;F:\Java\apache-maven-3.6.3\repository\org\springframework\boot\spring-boot-starter-jdbc\2.5.4\spring-boot-starter-jdbc-2.5.4.jar;F:\Java\apache-maven-3.6.3\repository\com\zaxxer\HikariCP\4.0.3\HikariCP-4.0.3.jar;F:\Java\apache-maven-3.6.3\repository\org\springframework\spring-jdbc\5.3.9\spring-jdbc-5.3.9.jar;F:\Java\apache-maven-3.6.3\repository\org\mybatis\spring\boot\mybatis-spring-boot-autoconfigure\2.2.2\mybatis-spring-boot-autoconfigure-2.2.2.jar;F:\Java\apache-maven-3.6.3\repository\org\mybatis\mybatis\3.5.9\mybatis-3.5.9.jar;F:\Java\apache-maven-3.6.3\repository\org\mybatis\mybatis-spring\2.0.7\mybatis-spring-2.0.7.jar;F:\Java\apache-maven-3.6.3\repository\org\springframework\boot\spring-boot-devtools\2.5.4\spring-boot-devtools-2.5.4.jar;F:\Java\apache-maven-3.6.3\repository\org\springframework\boot\spring-boot\2.5.4\spring-boot-2.5.4.jar;F:\Java\apache-maven-3.6.3\repository\org\springframework\boot\spring-boot-autoconfigure\2.5.4\spring-boot-autoconfigure-2.5.4.jar;F:\Java\apache-maven-3.6.3\repository\mysql\mysql-connector-java\8.0.26\mysql-connector-java-8.0.26.jar;F:\Java\apache-maven-3.6.3\repository\org\projectlombok\lombok\1.18.20\lombok-1.18.20.jar;F:\Java\apache-maven-3.6.3\repository\org\springframework\boot\spring-boot-starter-test\2.5.4\spring-boot-starter-test-2.5.4.jar;F:\Java\apache-maven-3.6.3\repository\org\springframework\boot\spring-boot-test\2.5.4\spring-boot-test-2.5.4.jar;F:\Java\apache-maven-3.6.3\repository\org\springframework\boot\spring-boot-test-autoconfigure\2.5.4\spring-boot-test-autoconfigure-2.5.4.jar;F:\Java\apache-maven-3.6.3\repository\com\jayway\jsonpath\json-path\2.5.0\json-path-2.5.0.jar;F:\Java\apache-maven-3.6.3\repository\net\minidev\json-smart\2.4.7\json-smart-2.4.7.jar;F:\Java\apache-maven-3.6.3\repository\net\minidev\accessors-smart\2.4.7\accessors-smart-2.4.7.jar;F:\Java\apache-maven-3.6.3\repository\org\ow2\asm\asm\9.1\asm-9.1.jar;F:\Java\apache-maven-3.6.3\repository\jakarta\xml\bind\jakarta.xml.bind-api\2.3.3\jakarta.xml.bind-api-2.3.3.jar;F:\Java\apache-maven-3.6.3\repository\jakarta\activation\jakarta.activation-api\1.2.2\jakarta.activation-api-1.2.2.jar;F:\Java\apache-maven-3.6.3\repository\org\assertj\assertj-core\3.19.0\assertj-core-3.19.0.jar;F:\Java\apache-maven-3.6.3\repository\org\hamcrest\hamcrest\2.2\hamcrest-2.2.jar;F:\Java\apache-maven-3.6.3\repository\org\junit\jupiter\junit-jupiter\5.7.2\junit-jupiter-5.7.2.jar;F:\Java\apache-maven-3.6.3\repository\org\junit\jupiter\junit-jupiter-api\5.7.2\junit-jupiter-api-5.7.2.jar;F:\Java\apache-maven-3.6.3\repository\org\apiguardian\apiguardian-api\1.1.0\apiguardian-api-1.1.0.jar;F:\Java\apache-maven-3.6.3\repository\org\opentest4j\opentest4j\1.2.0\opentest4j-1.2.0.jar;F:\Java\apache-maven-3.6.3\repository\org\junit\platform\junit-platform-commons\1.7.2\junit-platform-commons-1.7.2.jar;F:\Java\apache-maven-3.6.3\repository\org\junit\jupiter\junit-jupiter-params\5.7.2\junit-jupiter-params-5.7.2.jar;F:\Java\apache-maven-3.6.3\repository\org\junit\jupiter\junit-jupiter-engine\5.7.2\junit-jupiter-engine-5.7.2.jar;F:\Java\apache-maven-3.6.3\repository\org\junit\platform\junit-platform-engine\1.7.2\junit-platform-engine-1.7.2.jar;F:\Java\apache-maven-3.6.3\repository\org\mockito\mockito-core\3.9.0\mockito-core-3.9.0.jar;F:\Java\apache-maven-3.6.3\repository\net\bytebuddy\byte-buddy\1.10.22\byte-buddy-1.10.22.jar;F:\Java\apache-maven-3.6.3\repository\net\bytebuddy\byte-buddy-agent\1.10.22\byte-buddy-agent-1.10.22.jar;F:\Java\apache-maven-3.6.3\repository\org\objenesis\objenesis\3.2\objenesis-3.2.jar;F:\Java\apache-maven-3.6.3\repository\org\mockito\mockito-junit-jupiter\3.9.0\mockito-junit-jupiter-3.9.0.jar;F:\Java\apache-maven-3.6.3\repository\org\skyscreamer\jsonassert\1.5.0\jsonassert-1.5.0.jar;F:\Java\apache-maven-3.6.3\repository\com\vaadin\external\google\android-json\0.0.20131108.vaadin1\android-json-0.0.20131108.vaadin1.jar;F:\Java\apache-maven-3.6.3\repository\org\springframework\spring-core\5.3.9\spring-core-5.3.9.jar;F:\Java\apache-maven-3.6.3\repository\org\springframework\spring-jcl\5.3.9\spring-jcl-5.3.9.jar;F:\Java\apache-maven-3.6.3\repository\org\springframework\spring-test\5.3.9\spring-test-5.3.9.jar;F:\Java\apache-maven-3.6.3\repository\org\xmlunit\xmlunit-core\2.8.2\xmlunit-core-2.8.2.jar;F:\Java\apache-maven-3.6.3\repository\org\springframework\amqp\spring-rabbit-test\2.3.10\spring-rabbit-test-2.3.10.jar;F:\Java\apache-maven-3.6.3\repository\org\springframework\amqp\spring-rabbit-junit\2.3.10\spring-rabbit-junit-2.3.10.jar;F:\Java\apache-maven-3.6.3\repository\com\rabbitmq\http-client\3.8.0.RELEASE\http-client-3.8.0.RELEASE.jar;F:\Java\apache-maven-3.6.3\repository\org\hamcrest\hamcrest-library\2.2\hamcrest-library-2.2.jar;F:\Java\apache-maven-3.6.3\repository\org\hamcrest\hamcrest-core\2.2\hamcrest-core-2.2.jar;F:\Java\apache-maven-3.6.3\repository\com\alibaba\druid-spring-boot-starter\1.1.13\druid-spring-boot-starter-1.1.13.jar;F:\Java\apache-maven-3.6.3\repository\com\alibaba\druid\1.1.13\druid-1.1.13.jar;F:\Java\apache-maven-3.6.3\repository\org\slf4j\slf4j-api\1.7.32\slf4j-api-1.7.32.jar;F:\Java\apache-maven-3.6.3\repository\org\apache\httpcomponents\httpcore\4.4.13\httpcore-4.4.13.jar;F:\Java\apache-maven-3.6.3\repository\io\springfox\springfox-swagger2\2.9.2\springfox-swagger2-2.9.2.jar;F:\Java\apache-maven-3.6.3\repository\io\swagger\swagger-annotations\1.5.20\swagger-annotations-1.5.20.jar;F:\Java\apache-maven-3.6.3\repository\io\swagger\swagger-models\1.5.20\swagger-models-1.5.20.jar;F:\Java\apache-maven-3.6.3\repository\com\fasterxml\jackson\core\jackson-annotations\2.12.4\jackson-annotations-2.12.4.jar;F:\Java\apache-maven-3.6.3\repository\io\springfox\springfox-spi\2.9.2\springfox-spi-2.9.2.jar;F:\Java\apache-maven-3.6.3\repository\io\springfox\springfox-core\2.9.2\springfox-core-2.9.2.jar;F:\Java\apache-maven-3.6.3\repository\io\springfox\springfox-schema\2.9.2\springfox-schema-2.9.2.jar;F:\Java\apache-maven-3.6.3\repository\io\springfox\springfox-swagger-common\2.9.2\springfox-swagger-common-2.9.2.jar;F:\Java\apache-maven-3.6.3\repository\io\springfox\springfox-spring-web\2.9.2\springfox-spring-web-2.9.2.jar;F:\Java\apache-maven-3.6.3\repository\com\google\guava\guava\20.0\guava-20.0.jar;F:\Java\apache-maven-3.6.3\repository\com\fasterxml\classmate\1.5.1\classmate-1.5.1.jar;F:\Java\apache-maven-3.6.3\repository\org\springframework\plugin\spring-plugin-core\1.2.0.RELEASE\spring-plugin-core-1.2.0.RELEASE.jar;F:\Java\apache-maven-3.6.3\repository\org\springframework\plugin\spring-plugin-metadata\1.2.0.RELEASE\spring-plugin-metadata-1.2.0.RELEASE.jar;F:\Java\apache-maven-3.6.3\repository\org\mapstruct\mapstruct\1.2.0.Final\mapstruct-1.2.0.Final.jar;F:\Java\apache-maven-3.6.3\repository\io\springfox\springfox-swagger-ui\2.9.2\springfox-swagger-ui-2.9.2.jar;F:\Java\apache-maven-3.6.3\repository\org\springframework\boot\spring-boot-starter-validation\2.5.4\spring-boot-starter-validation-2.5.4.jar;F:\Java\apache-maven-3.6.3\repository\org\apache\tomcat\embed\tomcat-embed-el\9.0.52\tomcat-embed-el-9.0.52.jar;F:\Java\apache-maven-3.6.3\repository\org\hibernate\validator\hibernate-validator\6.2.0.Final\hibernate-validator-6.2.0.Final.jar;F:\Java\apache-maven-3.6.3\repository\jakarta\validation\jakarta.validation-api\2.0.2\jakarta.validation-api-2.0.2.jar;F:\Java\apache-maven-3.6.3\repository\org\jboss\logging\jboss-logging\3.4.2.Final\jboss-logging-3.4.2.Final.jar;F:\Java\apache-maven-3.6.3\repository\cn\hutool\hutool-all\5.4.0\hutool-all-5.4.0.jar;F:\Java\apache-maven-3.6.3\repository\org\apache\shiro\shiro-web\1.5.3\shiro-web-1.5.3.jar;F:\Java\apache-maven-3.6.3\repository\org\apache\shiro\shiro-core\1.5.3\shiro-core-1.5.3.jar;F:\Java\apache-maven-3.6.3\repository\org\apache\shiro\shiro-lang\1.5.3\shiro-lang-1.5.3.jar;F:\Java\apache-maven-3.6.3\repository\org\apache\shiro\shiro-cache\1.5.3\shiro-cache-1.5.3.jar;F:\Java\apache-maven-3.6.3\repository\org\apache\shiro\shiro-crypto-hash\1.5.3\shiro-crypto-hash-1.5.3.jar;F:\Java\apache-maven-3.6.3\repository\org\apache\shiro\shiro-crypto-core\1.5.3\shiro-crypto-core-1.5.3.jar;F:\Java\apache-maven-3.6.3\repository\org\apache\shiro\shiro-crypto-cipher\1.5.3\shiro-crypto-cipher-1.5.3.jar;F:\Java\apache-maven-3.6.3\repository\org\apache\shiro\shiro-config-core\1.5.3\shiro-config-core-1.5.3.jar;F:\Java\apache-maven-3.6.3\repository\org\apache\shiro\shiro-config-ogdl\1.5.3\shiro-config-ogdl-1.5.3.jar;F:\Java\apache-maven-3.6.3\repository\commons-beanutils\commons-beanutils\1.9.4\commons-beanutils-1.9.4.jar;F:\Java\apache-maven-3.6.3\repository\commons-collections\commons-collections\3.2.2\commons-collections-3.2.2.jar;F:\Java\apache-maven-3.6.3\repository\org\apache\shiro\shiro-event\1.5.3\shiro-event-1.5.3.jar;F:\Java\apache-maven-3.6.3\repository\org\owasp\encoder\encoder\1.2.2\encoder-1.2.2.jar;F:\Java\apache-maven-3.6.3\repository\org\apache\shiro\shiro-spring\1.5.3\shiro-spring-1.5.3.jar;F:\Java\apache-maven-3.6.3\repository\com\auth0\java-jwt\3.10.3\java-jwt-3.10.3.jar;F:\Java\apache-maven-3.6.3\repository\com\fasterxml\jackson\core\jackson-databind\2.12.4\jackson-databind-2.12.4.jar;F:\Java\apache-maven-3.6.3\repository\com\fasterxml\jackson\core\jackson-core\2.12.4\jackson-core-2.12.4.jar;F:\Java\apache-maven-3.6.3\repository\commons-codec\commons-codec\1.15\commons-codec-1.15.jar;F:\Java\apache-maven-3.6.3\repository\org\springframework\boot\spring-boot-configuration-processor\2.5.4\spring-boot-configuration-processor-2.5.4.jar;F:\Java\apache-maven-3.6.3\repository\org\apache\commons\commons-lang3\3.11\commons-lang3-3.11.jar;F:\Java\apache-maven-3.6.3\repository\org\springframework\boot\spring-boot-starter-aop\2.5.4\spring-boot-starter-aop-2.5.4.jar;F:\Java\apache-maven-3.6.3\repository\org\springframework\spring-aop\5.3.9\spring-aop-5.3.9.jar;F:\Java\apache-maven-3.6.3\repository\org\aspectj\aspectjweaver\1.9.7\aspectjweaver-1.9.7.jar;F:\Java\apache-maven-3.6.3\repository\org\jsoup\jsoup\1.13.1\jsoup-1.13.1.jar;F:\Java\apache-maven-3.6.3\repository\com\rabbitmq\amqp-client\5.9.0\amqp-client-5.9.0.jar;F:\Java\apache-maven-3.6.3\repository\org\json\json\20200518\json-20200518.jar;"/>
    <property name="sun.cpu.endian" value="little"/>
    <property name="user.home" value="C:\Users\三千星"/>
    <property name="user.language" value="zh"/>
    <property name="java.specification.vendor" value="Oracle Corporation"/>
    <property name="java.version.date" value="2022-04-22"/>
    <property name="java.home" value="F:\Java\jdk"/>
    <property name="file.separator" value="\"/>
    <property name="basedir" value="F:\Java\study\Practice\emos\emos-wx-api"/>
    <property name="java.vm.compressedOopsMode" value="Zero based"/>
    <property name="line.separator" value="&#10;"/>
    <property name="java.specification.name" value="Java Platform API Specification"/>
    <property name="java.vm.specification.vendor" value="Oracle Corporation"/>
    <property name="java.awt.graphicsenv" value="sun.awt.Win32GraphicsEnvironment"/>
    <property name="surefire.real.class.path" value="C:\Users\三千星\AppData\Local\Temp\surefire8067494440726258468\surefirebooter84599850302520083.jar"/>
    <property name="user.script" value=""/>
    <property name="sun.management.compiler" value="HotSpot 64-Bit Tiered Compilers"/>
    <property name="java.runtime.version" value="11.0.15.1+2-LTS-10"/>
    <property name="user.name" value="三千星"/>
    <property name="path.separator" value=";"/>
    <property name="os.version" value="10.0"/>
    <property name="java.runtime.name" value="Java(TM) SE Runtime Environment"/>
    <property name="file.encoding" value="GBK"/>
    <property name="java.vm.name" value="Java HotSpot(TM) 64-Bit Server VM"/>
    <property name="java.vendor.version" value="18.9"/>
    <property name="localRepository" value="F:\Java\apache-maven-3.6.3\repository"/>
    <property name="java.vendor.url.bug" value="https://bugreport.java.com/bugreport/"/>
    <property name="java.io.tmpdir" value="C:\Users\三千星\AppData\Local\Temp\"/>
    <property name="idea.version" value="2021.3.1"/>
    <property name="java.version" value="11.0.15.1"/>
    <property name="user.dir" value="F:\Java\study\Practice\emos\emos-wx-api"/>
    <property name="os.arch" value="amd64"/>
    <property name="java.vm.specification.name" value="Java Virtual Machine Specification"/>
    <property name="java.awt.printerjob" value="sun.awt.windows.WPrinterJob"/>
    <property name="sun.os.patch.level" value=""/>
    <property name="java.library.path" value="F:\Java\jdk\bin;C:\Windows\Sun\Java\bin;C:\Windows\system32;C:\Windows;F:\Java\jdk\bin;D:\Program Files (x86)\VMware\bin\;C:\Windows\system32;C:\Windows;C:\Windows\System32\Wbem;C:\Windows\System32\WindowsPowerShell\v1.0\;C:\Windows\System32\OpenSSH\;C:\Program Files (x86)\NVIDIA Corporation\PhysX\Common;C:\Program Files\NVIDIA Corporation\NVIDIA NvDLISR;D:\Program Files (x86)\Xshell 7\;C:\Program Files (x86)\Microsoft ASP.NET\ASP.NET Web Pages\v1.0\;D:\Program Files (x86)\NetSarang\Xftp 7\;F:\Java\apache-maven-3.6.3\bin;D:\Program Files\nodejs\;d:\Program Files\Git\cmd;C:\Program Files\dotnet\;F:\Java\study\selfStudy\HProcess\Project\shanjupay-web\node_modules\.bin;D:\Program Files\VisualSVN Server\bin;D:\Program Files\TortoiseSVN\bin;d:\Program Files (x86)\Git\cmd;d:\Program Files (x86)\Tencent\微信web开发者工具\dll;C:\Users\三千星\AppData\Local\Microsoft\WindowsApps;d:\Users\三千星\AppData\Local\Programs\Microsoft VS Code\bin;C:\Program Files\Bandizip\;D:\Intellij\WebStorm 2021.2.3\bin;;D:\MinGW\bin;C:\Users\三千星\AppData\Roaming\npm;D:\Program Files (x86)\Prince\engine\bin;C:\Users\三千星\.dotnet\tools;;."/>
    <property name="java.vendor" value="Oracle Corporation"/>
    <property name="java.vm.info" value="mixed mode"/>
    <property name="java.vm.version" value="11.0.15.1+2-LTS-10"/>
    <property name="sun.io.unicode.encoding" value="UnicodeLittle"/>
    <property name="maven.repo.local" value="F:\Java\apache-maven-3.6.3\repository"/>
    <property name="java.class.version" value="55.0"/>
  </properties>
  <testcase name="createMeetingData" classname="cn.org.sqx.emos.wx.EmosApiApplicationTest" time="0.878"/>
</testsuite>